  PlayerMovementComponent.cpp
  UbiGame.vcxproj -> C:\Users\Martin\Documents\Hack the North 2019\HTN_UbiGame\UbiGame\x64\Debug\UbiGame.exe
  UbiGame.vcxproj -> C:\Users\Martin\Documents\Hack the North 2019\HTN_UbiGame\UbiGame\x64\Debug\UbiGame.pdb (Partial PDB)
  C:\Users\Martin\Documents\Hack the North 2019\HTN_UbiGame\UbiGame\UbiGame\Resources\fonts\arial.ttf
  C:\Users\Martin\Documents\Hack the North 2019\HTN_UbiGame\UbiGame\UbiGame\Resources\img\bell.png
  C:\Users\Martin\Documents\Hack the North 2019\HTN_UbiGame\UbiGame\UbiGame\Resources\img\bg.png
  C:\Users\Martin\Documents\Hack the North 2019\HTN_UbiGame\UbiGame\UbiGame\Resources\img\blacksmith.png
  C:\Users\Martin\Documents\Hack the North 2019\HTN_UbiGame\UbiGame\UbiGame\Resources\img\bloodied_hammer.png
  C:\Users\Martin\Documents\Hack the North 2019\HTN_UbiGame\UbiGame\UbiGame\Resources\img\cow_animation.png
  C:\Users\Martin\Documents\Hack the North 2019\HTN_UbiGame\UbiGame\UbiGame\Resources\img\fire1.png
  C:\Users\Martin\Documents\Hack the North 2019\HTN_UbiGame\UbiGame\UbiGame\Resources\img\Flappy.png
  C:\Users\Martin\Documents\Hack the North 2019\HTN_UbiGame\UbiGame\UbiGame\Resources\img\green_vial.png
  C:\Users\Martin\Documents\Hack the North 2019\HTN_UbiGame\UbiGame\UbiGame\Resources\img\ground.png
  C:\Users\Martin\Documents\Hack the North 2019\HTN_UbiGame\UbiGame\UbiGame\Resources\img\knight_animation.png
  C:\Users\Martin\Documents\Hack the North 2019\HTN_UbiGame\UbiGame\UbiGame\Resources\img\knight_idle.png
  C:\Users\Martin\Documents\Hack the North 2019\HTN_UbiGame\UbiGame\UbiGame\Resources\img\panacea.png
  C:\Users\Martin\Documents\Hack the North 2019\HTN_UbiGame\UbiGame\UbiGame\Resources\img\particles.png
  C:\Users\Martin\Documents\Hack the North 2019\HTN_UbiGame\UbiGame\UbiGame\Resources\img\player.png
  C:\Users\Martin\Documents\Hack the North 2019\HTN_UbiGame\UbiGame\UbiGame\Resources\img\tileset.png
  C:\Users\Martin\Documents\Hack the North 2019\HTN_UbiGame\UbiGame\UbiGame\Resources\snd\glassBreak.wav
  C:\Users\Martin\Documents\Hack the North 2019\HTN_UbiGame\UbiGame\UbiGame\Resources\snd\thunder.wav
  18 File(s) copied
