  PlayerCameraComponent.cpp
  CameraManager.cpp
  PlayerSoundComponent.cpp
  ParticleComponent.cpp
  ParticleEmitterComponent.cpp
  SoundComponent.cpp
  AnimationManager.cpp
  AnimationComponent.cpp
  CollidablePhysicsComponent.cpp
  CollidableComponent.cpp
  CollisionManager.cpp
  SoundManager.cpp
  ObstacleEntity.cpp
  PlayerMovementComponent.cpp
  PlayerEntity.cpp
  GameBoard.cpp
  RenderComponent.cpp
  Component.cpp
  main.cpp
  Entity.cpp
  Compiling...
  GameEngineMain.cpp
  TextureManager.cpp
  SpriteRenderComponent.cpp
  Generating code
  1051 of 1052 functions (99.9%) were compiled, the rest were copied from previous compilation.
    6 functions were new in current compilation
    0 functions had inline decision re-evaluated but remain unchanged
  Finished generating code
  UbiGame.vcxproj -> D:\Hackathons\HackTheNorth\HTN_UbiGame\UbiGame\x64\Release\UbiGame.exe
  UbiGame.vcxproj -> D:\Hackathons\HackTheNorth\HTN_UbiGame\UbiGame\x64\Release\UbiGame.pdb (Full PDB)
  D:\Hackathons\HackTheNorth\HTN_UbiGame\UbiGame\UbiGame\Resources\img\bg.png
  D:\Hackathons\HackTheNorth\HTN_UbiGame\UbiGame\UbiGame\Resources\img\Flappy.png
  D:\Hackathons\HackTheNorth\HTN_UbiGame\UbiGame\UbiGame\Resources\img\particles.png
  D:\Hackathons\HackTheNorth\HTN_UbiGame\UbiGame\UbiGame\Resources\img\player.png
  D:\Hackathons\HackTheNorth\HTN_UbiGame\UbiGame\UbiGame\Resources\img\tileset.png
  D:\Hackathons\HackTheNorth\HTN_UbiGame\UbiGame\UbiGame\Resources\snd\glassBreak.wav
  D:\Hackathons\HackTheNorth\HTN_UbiGame\UbiGame\UbiGame\Resources\snd\thunder.wav
  7 File(s) copied
